<?xml version="1.0" encoding="UTF-8"?>
<testsuite name="primeFactors.PrimeFactorsTests" tests="4" skipped="0" failures="0" errors="0" timestamp="2019-12-16T01:12:01" hostname="DESKTOP-8DS6PS4" time="0.059">
  <properties/>
  <testcase name="of3_is3" classname="primeFactors.PrimeFactorsTests" time="0.058"/>
  <testcase name="of_2is2" classname="primeFactors.PrimeFactorsTests" time="0.0"/>
  <testcase name="of_1isNone" classname="primeFactors.PrimeFactorsTests" time="0.0"/>
  <testcase name="of4_is22" classname="primeFactors.PrimeFactorsTests" time="0.0"/>
  <system-out><![CDATA[]]></system-out>
  <system-err><![CDATA[]]></system-err>
</testsuite>
