<?xml version="1.0" encoding="UTF-8"?>
<testsuite name="primeFactors.PrimeFactorsTests" tests="1" skipped="0" failures="0" errors="0" timestamp="2019-12-19T02:48:21" hostname="DESKTOP-8DS6PS4" time="0.059">
  <properties/>
  <testcase name="of16_is2222" classname="primeFactors.PrimeFactorsTests" time="0.059"/>
  <system-out><![CDATA[]]></system-out>
  <system-err><![CDATA[]]></system-err>
</testsuite>
